<?xml version="1.0" encoding="UTF-8"?>
<!-- Generated by org.testng.reporters.JUnitXMLReporter -->
<testsuite hostname="H300023" name="test1" tests="1" failures="1" timestamp="31 May 2019 12:54:28 GMT" time="0.471" errors="0">
  <testcase name="ReportTechnologyIssue" time="0.464" classname="com.servicedesk.com.SelfServiceUser">
    <failure type="java.lang.NoSuchMethodError" message="com.google.common.base.Preconditions.checkArgument(ZLjava/lang/String;Ljava/lang/Object;Ljava/lang/Object;Ljava/lang/Object;)V">
      <![CDATA[java.lang.NoSuchMethodError: com.google.common.base.Preconditions.checkArgument(ZLjava/lang/String;Ljava/lang/Object;Ljava/lang/Object;Ljava/lang/Object;)V
	at org.openqa.selenium.firefox.Preferences.checkPreference(Preferences.java:225)
	at org.openqa.selenium.firefox.Preferences.setPreference(Preferences.java:155)
	at org.openqa.selenium.firefox.Preferences.setPreference(Preferences.java:126)
	at org.openqa.selenium.firefox.Preferences.readDefaultPreferences(Preferences.java:105)
	at org.openqa.selenium.firefox.Preferences.<init>(Preferences.java:66)
	at org.openqa.selenium.firefox.FirefoxProfile.<init>(FirefoxProfile.java:82)
	at org.openqa.selenium.firefox.FirefoxProfile.<init>(FirefoxProfile.java:72)
	at org.openqa.selenium.firefox.ProfilesIni.getProfile(ProfilesIni.java:130)
	at com.servicedesk.com.MainServiceDesk.setUp(Unknown Source)
	at com.servicedesk.com.SelfServiceUser.ReportTechnologyIssue(Unknown Source)
... Removed 23 stack frames]]>
    </failure>
  </testcase> <!-- ReportTechnologyIssue -->
</testsuite> <!-- test1 -->
